Listening on port 3000
connected as id 8
myFetch SQL query:  delete from BuyOrder where order_id not in (select tbuy_order_id from MyTransaction) and Date(time)<curDate();
result after promisePool: 
ResultSetHeader {
  fieldCount: 0,
  affectedRows: 2,
  insertId: 0,
  info: '',
  serverStatus: 34,
  warningStatus: 0
}
ResultSetHeader {
  fieldCount: 0,
  affectedRows: 2,
  insertId: 0,
  info: '',
  serverStatus: 34,
  warningStatus: 0
}
myFetch SQL query:  delete from SellOrder where order_id not in (select tsell_order_id from MyTransaction) and Date(time)<curDate();
result after promisePool: 
ResultSetHeader {
  fieldCount: 0,
  affectedRows: 2,
  insertId: 0,
  info: '',
  serverStatus: 34,
  warningStatus: 0
}
ResultSetHeader {
  fieldCount: 0,
  affectedRows: 2,
  insertId: 0,
  info: '',
  serverStatus: 34,
  warningStatus: 0
}
reset
result:[object Object]
